Acceso de usuario: Jordan Michael (Legajo: 5) - Fecha y hora: 2023-10-18 00:27:52
Acceso de usuario: Gorgen Corey (Legajo: 1) - Fecha y hora: 2023-10-18 00:32:38
Acceso de usuario: Harroll Ingrid (Legajo: 2) - Fecha y hora: 2023-10-18 00:34:55
Acceso de usuario: Harroll Ingrid (Legajo: 2) - Fecha y hora: 2023-10-18 01:00:55
Acceso de usuario: Harroll Ingrid (Legajo: 2) - Fecha y hora: 2023-10-18 01:05:51
Acceso de usuario: Gorgen Corey (Legajo: 1) - Fecha y hora: 2023-10-18 01:06:57
Acceso de usuario: Robinson Tilda (Legajo: 4) - Fecha y hora: 2023-10-18 01:07:57
Acceso de usuario: Robinson Tilda (Legajo: 4) - Fecha y hora: 2023-10-18 01:12:31
Acceso de usuario: Jordan Michael (Legajo: 5) - Fecha y hora: 2023-10-18 01:13:38
Acceso de usuario: Jordan Michael (Legajo: 5) - Fecha y hora: 2023-11-01 14:24:05
Acceso de usuario: Jordan Michael (Legajo: 5) - Fecha y hora: 2023-11-03 22:39:58
Acceso de usuario: Robinson Tilda (Legajo: 4) - Fecha y hora: 2023-11-03 23:05:06
Acceso de usuario: Harris Steve (Legajo: 3) - Fecha y hora: 2023-11-03 23:06:34
Acceso de usuario: Harris Steve (Legajo: 3) - Fecha y hora: 2023-11-03 23:07:16
Acceso de usuario: Harris Steve (Legajo: 3) - Fecha y hora: 2023-11-03 23:07:44
Acceso de usuario: Gorgen Corey (Legajo: 1) - Fecha y hora: 2023-11-03 23:31:47
Acceso de usuario: Gorgen Corey (Legajo: 1) - Fecha y hora: 2023-11-11 13:31:23
Acceso de usuario: Gorgen Corey (Legajo: 1) - Fecha y hora: 2023-11-11 13:31:55
Acceso de usuario: Gorgen Corey (Legajo: 1) - Fecha y hora: 2023-11-11 13:33:44
Acceso de usuario: Gorgen Corey (Legajo: 1) - Fecha y hora: 2023-11-11 13:34:24
Acceso de usuario: Robinson Tilda (Legajo: 4) - Fecha y hora: 2023-11-11 13:34:56
Acceso de usuario: Jordan Michael (Legajo: 5) - Fecha y hora: 2023-11-11 13:37:08
Acceso de usuario: Harroll Ingrid (Legajo: 2) - Fecha y hora: 2023-11-11 13:37:26
